2016-01-09 11:57:59,270 [ModalContext] INFO  o.e.m.c.i.e.AbstractTransferListenerAdapter - Downloaded http://repo.maven.apache.org/maven2/org/apache/maven/archetypes/maven-archetype-quickstart/maven-metadata.xml
2016-01-09 11:57:59,280 [ModalContext] WARN  o.e.m.c.i.embedder.EclipseLogger - The metadata C:\Users\Administrator\.m2\repository\org\apache\maven\archetypes\maven-archetype-quickstart\maven-metadata-central.xml is invalid: unexpected markup <!d (position: START_DOCUMENT seen <!d... @1:3) 
2016-01-09 11:58:14,530 [Worker-5] WARN  o.e.m.c.i.embedder.EclipseLogger - The metadata C:\Users\Administrator\.m2\repository\org\apache\maven\archetypes\maven-archetype-quickstart\maven-metadata-central.xml is invalid: unexpected markup <!d (position: START_DOCUMENT seen <!d... @1:3) 
2016-01-09 11:58:52,386 [Worker-3] INFO  o.e.m.c.i.e.AbstractTransferListenerAdapter - Downloaded http://repo.maven.apache.org/maven2/org/apache/maven/plugins/maven-clean-plugin/2.5/maven-clean-plugin-2.5.jar
2016-01-09 11:58:52,788 [Worker-3] INFO  o.e.m.c.i.l.LifecycleMappingFactory - Using null lifecycle mapping for MavenProject: com.org.test:StringBufferImpl:0.0.1-SNAPSHOT @ C:\Users\Administrator\workspace\String_Buffer_Impl(Noushad H)\StringBufferImpl\pom.xml.
2016-01-09 11:58:53,188 [Worker-3] INFO  o.e.m.c.i.p.ProjectConfigurationManager - Update started
2016-01-09 11:58:53,288 [Worker-3] INFO  o.e.m.c.i.l.LifecycleMappingFactory - Using null lifecycle mapping for MavenProject: com.org.test:StringBufferImpl:0.0.1-SNAPSHOT @ C:\Users\Administrator\workspace\String_Buffer_Impl(Noushad H)\StringBufferImpl\pom.xml.
2016-01-09 11:58:53,338 [Worker-3] INFO  o.e.m.c.i.p.ProjectConfigurationManager - Update completed: 0 sec
2016-01-09 12:08:44,486 [Worker-1] INFO  o.e.m.c.i.l.LifecycleMappingFactory - Using null lifecycle mapping for MavenProject: com.org.test:StringBufferImpl:0.0.1-SNAPSHOT @ C:\Users\Administrator\workspace\String_Buffer_Impl(Noushad H)\StringBufferImpl\pom.xml.
2016-01-09 12:08:50,658 [Worker-5] INFO  o.e.m.c.i.l.LifecycleMappingFactory - Using null lifecycle mapping for MavenProject: com.org.test:StringBufferImpl:0.0.1-SNAPSHOT @ C:\Users\Administrator\workspace\String_Buffer_Impl(Noushad H)\StringBufferImpl\pom.xml.
2016-01-09 12:09:58,351 [Worker-6] INFO  o.e.m.c.i.l.LifecycleMappingFactory - Using null lifecycle mapping for MavenProject: com.org.test:StringBufferImpl:0.0.1-SNAPSHOT @ C:\Users\Administrator\workspace\String_Buffer_Impl(Noushad H)\StringBufferImpl\pom.xml.
2016-01-09 12:10:02,836 [Worker-1] INFO  o.e.m.c.i.l.LifecycleMappingFactory - Using null lifecycle mapping for MavenProject: com.org.test:StringBufferImpl:0.0.1-SNAPSHOT @ C:\Users\Administrator\workspace\String_Buffer_Impl(Noushad H)\StringBufferImpl\pom.xml.
2016-01-09 12:10:35,584 [Worker-6] INFO  o.e.m.c.i.l.LifecycleMappingFactory - Using null lifecycle mapping for MavenProject: com.org.test:StringBufferImpl:0.0.1-SNAPSHOT @ C:\Users\Administrator\workspace\String_Buffer_Impl(Noushad H)\StringBufferImpl\pom.xml.
2016-01-09 12:10:46,087 [Worker-1] INFO  o.e.m.c.i.p.ProjectConfigurationManager - Update started
2016-01-09 12:10:46,130 [Worker-1] INFO  o.e.m.c.i.l.LifecycleMappingFactory - Using null lifecycle mapping for MavenProject: com.org.test:StringBufferImpl:0.0.1-SNAPSHOT @ C:\Users\Administrator\workspace\String_Buffer_Impl(Noushad H)\StringBufferImpl\pom.xml.
2016-01-09 12:10:46,195 [Worker-1] INFO  o.e.m.c.i.p.ProjectConfigurationManager - Update completed: 0 sec
2016-01-09 12:11:32,625 [Worker-5] INFO  o.e.m.c.i.l.LifecycleMappingFactory - Using null lifecycle mapping for MavenProject: com.org.test:StringBufferImpl:0.0.1-SNAPSHOT @ C:\Users\Administrator\workspace\String_Buffer_Impl(Noushad H)\StringBufferImpl\pom.xml.
2016-01-09 12:28:18,279 [ModalContext] WARN  o.e.m.c.i.embedder.EclipseLogger - The metadata C:\Users\Administrator\.m2\repository\org\apache\maven\archetypes\maven-archetype-quickstart\maven-metadata-central.xml is invalid: unexpected markup <!d (position: START_DOCUMENT seen <!d... @1:3) 
2016-01-09 12:28:28,540 [Worker-2] WARN  o.e.m.c.i.embedder.EclipseLogger - The metadata C:\Users\Administrator\.m2\repository\org\apache\maven\archetypes\maven-archetype-quickstart\maven-metadata-central.xml is invalid: unexpected markup <!d (position: START_DOCUMENT seen <!d... @1:3) 
2016-01-09 12:29:58,194 [Worker-13] INFO  o.e.m.c.i.l.LifecycleMappingFactory - Using null lifecycle mapping for MavenProject: com.org.exam:StringBufferImplDemo:0.0.1-SNAPSHOT @ C:\Users\Administrator\workspace\String_Buffer_Impl(Noushad H)\StringBufferImplDemo\pom.xml.
2016-01-09 12:29:58,412 [Worker-13] INFO  o.e.m.c.i.p.ProjectConfigurationManager - Update started
2016-01-09 12:29:58,437 [Worker-13] INFO  o.e.m.c.i.l.LifecycleMappingFactory - Using null lifecycle mapping for MavenProject: com.org.exam:StringBufferImplDemo:0.0.1-SNAPSHOT @ C:\Users\Administrator\workspace\String_Buffer_Impl(Noushad H)\StringBufferImplDemo\pom.xml.
2016-01-09 12:29:58,489 [Worker-13] INFO  o.e.m.c.i.p.ProjectConfigurationManager - Update completed: 0 sec
2016-01-09 12:31:12,165 [Worker-13] INFO  o.e.m.c.i.l.LifecycleMappingFactory - Using null lifecycle mapping for MavenProject: com.org.exam:StringBufferImplDemo:0.0.1-SNAPSHOT @ C:\Users\Administrator\workspace\String_Buffer_Impl(Noushad H)\StringBufferImplDemo\pom.xml.
